2025-01-17 14:39:12 [main] INFO  com.libcentro.demo.Main - Starting application
2025-01-17 14:39:12 [restartedMain] INFO  com.libcentro.demo.Main - Starting application
2025-01-17 14:39:12 [restartedMain] INFO  com.libcentro.demo.Main - Starting Main using Java 17.0.8 with PID 20220 (D:\Coding\demo\target\classes started by giuli in D:\Coding\demo)
2025-01-17 14:39:12 [restartedMain] INFO  com.libcentro.demo.Main - The following 1 profile is active: "dev"
2025-01-17 14:39:12 [restartedMain] INFO  o.s.b.d.e.DevToolsPropertyDefaultsPostProcessor - Devtools property defaults active! Set 'spring.devtools.add-properties' to 'false' to disable
2025-01-17 14:39:13 [restartedMain] INFO  o.s.d.r.c.RepositoryConfigurationDelegate - Bootstrapping Spring Data JPA repositories in DEFAULT mode.
2025-01-17 14:39:13 [restartedMain] INFO  o.s.d.r.c.RepositoryConfigurationDelegate - Finished Spring Data repository scanning in 41 ms. Found 6 JPA repository interfaces.
2025-01-17 14:39:13 [restartedMain] INFO  o.h.jpa.internal.util.LogHelper - HHH000204: Processing PersistenceUnitInfo [name: default]
2025-01-17 14:39:13 [restartedMain] INFO  org.hibernate.Version - HHH000412: Hibernate ORM core version 6.6.0.Final
2025-01-17 14:39:13 [restartedMain] INFO  o.h.c.i.RegionFactoryInitiator - HHH000026: Second-level cache disabled
2025-01-17 14:39:13 [restartedMain] INFO  o.s.o.j.p.SpringPersistenceUnitInfo - No LoadTimeWeaver setup: ignoring JPA class transformer
2025-01-17 14:39:13 [restartedMain] INFO  com.zaxxer.hikari.HikariDataSource - HikariPool-1 - Starting...
2025-01-17 14:39:13 [restartedMain] INFO  com.zaxxer.hikari.pool.HikariPool - HikariPool-1 - Added connection org.sqlite.jdbc4.JDBC4Connection@4a3279ec
2025-01-17 14:39:13 [restartedMain] INFO  com.zaxxer.hikari.HikariDataSource - HikariPool-1 - Start completed.
2025-01-17 14:39:13 [restartedMain] INFO  o.hibernate.orm.connections.pooling - HHH10001005: Database info:
	Database JDBC URL [Connecting through datasourcenull]
	Database driver: undefined/unknown
	Database version: 3.46
	Autocommit mode: undefined/unknown
	Isolation level: undefined/unknown
	Minimum pool size: undefined/unknown
	Maximum pool size: undefined/unknown
2025-01-17 14:39:14 [restartedMain] INFO  o.h.e.t.j.p.i.JtaPlatformInitiator - HHH000489: No JTA platform available (set 'hibernate.transaction.jta.platform' to enable JTA platform integration)
2025-01-17 14:39:14 [restartedMain] INFO  o.s.o.j.LocalContainerEntityManagerFactoryBean - Initialized JPA EntityManagerFactory for persistence unit 'default'
2025-01-17 14:39:14 [restartedMain] INFO  o.s.d.j.r.query.QueryEnhancerFactory - Hibernate is in classpath; If applicable, HQL parser will be used.
2025-01-17 14:39:15 [restartedMain] INFO  o.s.b.d.a.OptionalLiveReloadServer - LiveReload server is running on port 35729
2025-01-17 14:39:15 [restartedMain] INFO  com.libcentro.demo.Main - Started Main in 3.403 seconds (process running for 4.0)
2025-01-17 14:39:16 [restartedMain] ERROR com.libcentro.demo.Main - java.awt.IllegalComponentStateException: contentPane cannot be set to null.
java.awt.IllegalComponentStateException: contentPane cannot be set to null.
	at java.desktop/javax.swing.JRootPane.setContentPane(JRootPane.java:594)
	at java.desktop/javax.swing.JFrame.setContentPane(JFrame.java:680)
	at com.libcentro.demo.view.menu.MenuFrame.initialize(MenuFrame.java:24)
	at com.libcentro.demo.controller.MenuController.openMenuView(MenuController.java:28)
	at com.libcentro.demo.controller.ViewController.openMenuView(ViewController.java:36)
	at com.libcentro.demo.Main.main(Main.java:36)
	at java.base/jdk.internal.reflect.NativeMethodAccessorImpl.invoke0(Native Method)
	at java.base/jdk.internal.reflect.NativeMethodAccessorImpl.invoke(NativeMethodAccessorImpl.java:77)
	at java.base/jdk.internal.reflect.DelegatingMethodAccessorImpl.invoke(DelegatingMethodAccessorImpl.java:43)
	at java.base/java.lang.reflect.Method.invoke(Method.java:568)
	at org.springframework.boot.devtools.restart.RestartLauncher.run(RestartLauncher.java:50)
2025-01-17 14:39:16 [restartedMain] INFO  com.libcentro.demo.Main - Application ended
2025-01-17 14:39:16 [main] ERROR com.libcentro.demo.Main - org.springframework.boot.devtools.restart.SilentExitExceptionHandler$SilentExitException
org.springframework.boot.devtools.restart.SilentExitExceptionHandler$SilentExitException: null
	at org.springframework.boot.devtools.restart.SilentExitExceptionHandler.exitCurrentThread(SilentExitExceptionHandler.java:92)
	at org.springframework.boot.devtools.restart.Restarter.immediateRestart(Restarter.java:179)
	at org.springframework.boot.devtools.restart.Restarter.initialize(Restarter.java:163)
	at org.springframework.boot.devtools.restart.Restarter.initialize(Restarter.java:532)
	at org.springframework.boot.devtools.restart.RestartApplicationListener.onApplicationStartingEvent(RestartApplicationListener.java:98)
	at org.springframework.boot.devtools.restart.RestartApplicationListener.onApplicationEvent(RestartApplicationListener.java:51)
	at org.springframework.context.event.SimpleApplicationEventMulticaster.doInvokeListener(SimpleApplicationEventMulticaster.java:185)
	at org.springframework.context.event.SimpleApplicationEventMulticaster.invokeListener(SimpleApplicationEventMulticaster.java:178)
	at org.springframework.context.event.SimpleApplicationEventMulticaster.multicastEvent(SimpleApplicationEventMulticaster.java:156)
	at org.springframework.context.event.SimpleApplicationEventMulticaster.multicastEvent(SimpleApplicationEventMulticaster.java:138)
	at org.springframework.boot.context.event.EventPublishingRunListener.multicastInitialEvent(EventPublishingRunListener.java:136)
	at org.springframework.boot.context.event.EventPublishingRunListener.starting(EventPublishingRunListener.java:75)
	at org.springframework.boot.SpringApplicationRunListeners.lambda$starting$0(SpringApplicationRunListeners.java:54)
	at java.base/java.lang.Iterable.forEach(Iterable.java:75)
	at org.springframework.boot.SpringApplicationRunListeners.doWithListeners(SpringApplicationRunListeners.java:118)
	at org.springframework.boot.SpringApplicationRunListeners.starting(SpringApplicationRunListeners.java:54)
	at org.springframework.boot.SpringApplication.run(SpringApplication.java:327)
	at org.springframework.boot.SpringApplication.run(SpringApplication.java:1363)
	at org.springframework.boot.SpringApplication.run(SpringApplication.java:1352)
	at com.libcentro.demo.Main.main(Main.java:32)
2025-01-17 14:39:16 [main] INFO  com.libcentro.demo.Main - Application ended
2025-01-17 14:39:17 [SpringApplicationShutdownHook] INFO  o.s.o.j.LocalContainerEntityManagerFactoryBean - Closing JPA EntityManagerFactory for persistence unit 'default'
2025-01-17 14:39:17 [SpringApplicationShutdownHook] INFO  com.zaxxer.hikari.HikariDataSource - HikariPool-1 - Shutdown initiated...
2025-01-17 14:39:17 [SpringApplicationShutdownHook] INFO  com.zaxxer.hikari.HikariDataSource - HikariPool-1 - Shutdown completed.
2025-01-17 14:39:44 [main] INFO  com.libcentro.demo.Main - Starting application
2025-01-17 14:39:44 [restartedMain] INFO  com.libcentro.demo.Main - Starting application
2025-01-17 14:39:45 [restartedMain] INFO  com.libcentro.demo.Main - Starting Main using Java 17.0.8 with PID 4440 (D:\Coding\demo\target\classes started by giuli in D:\Coding\demo)
2025-01-17 14:39:45 [restartedMain] INFO  com.libcentro.demo.Main - The following 1 profile is active: "dev"
2025-01-17 14:39:45 [restartedMain] INFO  o.s.b.d.e.DevToolsPropertyDefaultsPostProcessor - Devtools property defaults active! Set 'spring.devtools.add-properties' to 'false' to disable
2025-01-17 14:39:45 [restartedMain] INFO  o.s.d.r.c.RepositoryConfigurationDelegate - Bootstrapping Spring Data JPA repositories in DEFAULT mode.
2025-01-17 14:39:45 [restartedMain] INFO  o.s.d.r.c.RepositoryConfigurationDelegate - Finished Spring Data repository scanning in 38 ms. Found 6 JPA repository interfaces.
2025-01-17 14:39:45 [restartedMain] INFO  o.h.jpa.internal.util.LogHelper - HHH000204: Processing PersistenceUnitInfo [name: default]
2025-01-17 14:39:45 [restartedMain] INFO  org.hibernate.Version - HHH000412: Hibernate ORM core version 6.6.0.Final
2025-01-17 14:39:45 [restartedMain] INFO  o.h.c.i.RegionFactoryInitiator - HHH000026: Second-level cache disabled
2025-01-17 14:39:46 [restartedMain] INFO  o.s.o.j.p.SpringPersistenceUnitInfo - No LoadTimeWeaver setup: ignoring JPA class transformer
2025-01-17 14:39:46 [restartedMain] INFO  com.zaxxer.hikari.HikariDataSource - HikariPool-1 - Starting...
2025-01-17 14:39:46 [restartedMain] INFO  com.zaxxer.hikari.pool.HikariPool - HikariPool-1 - Added connection org.sqlite.jdbc4.JDBC4Connection@14a22aa9
2025-01-17 14:39:46 [restartedMain] INFO  com.zaxxer.hikari.HikariDataSource - HikariPool-1 - Start completed.
2025-01-17 14:39:46 [restartedMain] INFO  o.hibernate.orm.connections.pooling - HHH10001005: Database info:
	Database JDBC URL [Connecting through datasourcenull]
	Database driver: undefined/unknown
	Database version: 3.46
	Autocommit mode: undefined/unknown
	Isolation level: undefined/unknown
	Minimum pool size: undefined/unknown
	Maximum pool size: undefined/unknown
2025-01-17 14:39:46 [restartedMain] INFO  o.h.e.t.j.p.i.JtaPlatformInitiator - HHH000489: No JTA platform available (set 'hibernate.transaction.jta.platform' to enable JTA platform integration)
2025-01-17 14:39:46 [restartedMain] INFO  o.s.o.j.LocalContainerEntityManagerFactoryBean - Initialized JPA EntityManagerFactory for persistence unit 'default'
2025-01-17 14:39:47 [restartedMain] INFO  o.s.d.j.r.query.QueryEnhancerFactory - Hibernate is in classpath; If applicable, HQL parser will be used.
2025-01-17 14:39:48 [restartedMain] INFO  o.s.b.d.a.OptionalLiveReloadServer - LiveReload server is running on port 35729
2025-01-17 14:39:48 [restartedMain] INFO  com.libcentro.demo.Main - Started Main in 3.376 seconds (process running for 3.988)
2025-01-17 14:39:48 [restartedMain] INFO  com.libcentro.demo.Main - Application started
2025-01-17 14:39:48 [restartedMain] INFO  com.libcentro.demo.Main - Application ended
2025-01-17 14:39:48 [main] ERROR com.libcentro.demo.Main - org.springframework.boot.devtools.restart.SilentExitExceptionHandler$SilentExitException
org.springframework.boot.devtools.restart.SilentExitExceptionHandler$SilentExitException: null
	at org.springframework.boot.devtools.restart.SilentExitExceptionHandler.exitCurrentThread(SilentExitExceptionHandler.java:92)
	at org.springframework.boot.devtools.restart.Restarter.immediateRestart(Restarter.java:179)
	at org.springframework.boot.devtools.restart.Restarter.initialize(Restarter.java:163)
	at org.springframework.boot.devtools.restart.Restarter.initialize(Restarter.java:532)
	at org.springframework.boot.devtools.restart.RestartApplicationListener.onApplicationStartingEvent(RestartApplicationListener.java:98)
	at org.springframework.boot.devtools.restart.RestartApplicationListener.onApplicationEvent(RestartApplicationListener.java:51)
	at org.springframework.context.event.SimpleApplicationEventMulticaster.doInvokeListener(SimpleApplicationEventMulticaster.java:185)
	at org.springframework.context.event.SimpleApplicationEventMulticaster.invokeListener(SimpleApplicationEventMulticaster.java:178)
	at org.springframework.context.event.SimpleApplicationEventMulticaster.multicastEvent(SimpleApplicationEventMulticaster.java:156)
	at org.springframework.context.event.SimpleApplicationEventMulticaster.multicastEvent(SimpleApplicationEventMulticaster.java:138)
	at org.springframework.boot.context.event.EventPublishingRunListener.multicastInitialEvent(EventPublishingRunListener.java:136)
	at org.springframework.boot.context.event.EventPublishingRunListener.starting(EventPublishingRunListener.java:75)
	at org.springframework.boot.SpringApplicationRunListeners.lambda$starting$0(SpringApplicationRunListeners.java:54)
	at java.base/java.lang.Iterable.forEach(Iterable.java:75)
	at org.springframework.boot.SpringApplicationRunListeners.doWithListeners(SpringApplicationRunListeners.java:118)
	at org.springframework.boot.SpringApplicationRunListeners.starting(SpringApplicationRunListeners.java:54)
	at org.springframework.boot.SpringApplication.run(SpringApplication.java:327)
	at org.springframework.boot.SpringApplication.run(SpringApplication.java:1363)
	at org.springframework.boot.SpringApplication.run(SpringApplication.java:1352)
	at com.libcentro.demo.Main.main(Main.java:32)
2025-01-17 14:39:48 [main] INFO  com.libcentro.demo.Main - Application ended
2025-01-17 14:39:58 [SpringApplicationShutdownHook] INFO  o.s.o.j.LocalContainerEntityManagerFactoryBean - Closing JPA EntityManagerFactory for persistence unit 'default'
2025-01-17 14:39:58 [SpringApplicationShutdownHook] INFO  com.zaxxer.hikari.HikariDataSource - HikariPool-1 - Shutdown initiated...
2025-01-17 14:39:58 [SpringApplicationShutdownHook] INFO  com.zaxxer.hikari.HikariDataSource - HikariPool-1 - Shutdown completed.
2025-01-17 14:41:34 [main] INFO  o.s.t.c.s.AnnotationConfigContextLoaderUtils - Could not detect default configuration classes for test class [com.libcentro.demo.DemoApplicationTests]: DemoApplicationTests does not declare any static, non-private, non-final, nested classes annotated with @Configuration.
2025-01-17 14:41:35 [main] INFO  o.s.b.t.c.SpringBootTestContextBootstrapper - Found @SpringBootConfiguration com.libcentro.demo.Main for test class com.libcentro.demo.DemoApplicationTests
2025-01-17 14:41:35 [main] INFO  o.s.b.d.r.RestartApplicationListener - Restart disabled due to context in which it is running
2025-01-17 14:41:35 [main] INFO  c.l.demo.DemoApplicationTests - Starting DemoApplicationTests using Java 21.0.4 with PID 22796 (started by giuli in D:\Coding\demo)
2025-01-17 14:41:35 [main] INFO  c.l.demo.DemoApplicationTests - The following 1 profile is active: "dev"
2025-01-17 14:41:35 [main] INFO  o.s.d.r.c.RepositoryConfigurationDelegate - Bootstrapping Spring Data JPA repositories in DEFAULT mode.
2025-01-17 14:41:35 [main] INFO  o.s.d.r.c.RepositoryConfigurationDelegate - Finished Spring Data repository scanning in 46 ms. Found 6 JPA repository interfaces.
2025-01-17 14:41:36 [main] INFO  o.h.jpa.internal.util.LogHelper - HHH000204: Processing PersistenceUnitInfo [name: default]
2025-01-17 14:41:36 [main] INFO  org.hibernate.Version - HHH000412: Hibernate ORM core version 6.6.0.Final
2025-01-17 14:41:36 [main] INFO  o.h.c.i.RegionFactoryInitiator - HHH000026: Second-level cache disabled
2025-01-17 14:41:36 [main] INFO  o.s.o.j.p.SpringPersistenceUnitInfo - No LoadTimeWeaver setup: ignoring JPA class transformer
2025-01-17 14:41:36 [main] INFO  com.zaxxer.hikari.HikariDataSource - HikariPool-1 - Starting...
2025-01-17 14:41:36 [main] INFO  com.zaxxer.hikari.pool.HikariPool - HikariPool-1 - Added connection org.sqlite.jdbc4.JDBC4Connection@57a667c8
2025-01-17 14:41:36 [main] INFO  com.zaxxer.hikari.HikariDataSource - HikariPool-1 - Start completed.
2025-01-17 14:41:36 [main] INFO  o.hibernate.orm.connections.pooling - HHH10001005: Database info:
	Database JDBC URL [Connecting through datasourcenull]
	Database driver: undefined/unknown
	Database version: 3.46
	Autocommit mode: undefined/unknown
	Isolation level: undefined/unknown
	Minimum pool size: undefined/unknown
	Maximum pool size: undefined/unknown
2025-01-17 14:41:37 [main] INFO  o.h.e.t.j.p.i.JtaPlatformInitiator - HHH000489: No JTA platform available (set 'hibernate.transaction.jta.platform' to enable JTA platform integration)
2025-01-17 14:41:37 [main] INFO  o.s.o.j.LocalContainerEntityManagerFactoryBean - Initialized JPA EntityManagerFactory for persistence unit 'default'
2025-01-17 14:41:38 [main] INFO  o.s.d.j.r.query.QueryEnhancerFactory - Hibernate is in classpath; If applicable, HQL parser will be used.
2025-01-17 14:41:39 [main] INFO  c.l.demo.DemoApplicationTests - Started DemoApplicationTests in 4.023 seconds (process running for 5.161)
2025-01-17 14:41:39 [main] INFO  com.libcentro.demo.Main - Starting application
2025-01-17 14:41:39 [SpringApplicationShutdownHook] INFO  o.s.o.j.LocalContainerEntityManagerFactoryBean - Closing JPA EntityManagerFactory for persistence unit 'default'
2025-01-17 14:41:39 [SpringApplicationShutdownHook] INFO  com.zaxxer.hikari.HikariDataSource - HikariPool-1 - Shutdown initiated...
2025-01-17 14:41:39 [SpringApplicationShutdownHook] INFO  com.zaxxer.hikari.HikariDataSource - HikariPool-1 - Shutdown completed.
2025-01-17 14:48:38 [main] INFO  com.libcentro.demo.Main - Starting application
2025-01-17 14:48:39 [main] INFO  com.libcentro.demo.Main - Application ended
2025-01-17 14:48:39 [AWT-EventQueue-0] INFO  o.s.boot.SpringApplication - Starting application using Java 17.0.8 with PID 23404 (started by giuli in D:\Coding\demo)
2025-01-17 14:48:39 [AWT-EventQueue-0] INFO  o.s.boot.SpringApplication - The following 1 profile is active: "dev"
2025-01-17 14:48:39 [AWT-EventQueue-0] INFO  o.s.d.r.c.RepositoryConfigurationDelegate - Bootstrapping Spring Data JPA repositories in DEFAULT mode.
2025-01-17 14:48:39 [AWT-EventQueue-0] INFO  o.s.d.r.c.RepositoryConfigurationDelegate - Finished Spring Data repository scanning in 43 ms. Found 6 JPA repository interfaces.
2025-01-17 14:48:40 [AWT-EventQueue-0] INFO  o.h.jpa.internal.util.LogHelper - HHH000204: Processing PersistenceUnitInfo [name: default]
2025-01-17 14:48:40 [AWT-EventQueue-0] INFO  org.hibernate.Version - HHH000412: Hibernate ORM core version 6.6.0.Final
2025-01-17 14:48:40 [AWT-EventQueue-0] INFO  o.h.c.i.RegionFactoryInitiator - HHH000026: Second-level cache disabled
2025-01-17 14:48:40 [AWT-EventQueue-0] INFO  o.s.o.j.p.SpringPersistenceUnitInfo - No LoadTimeWeaver setup: ignoring JPA class transformer
2025-01-17 14:48:40 [AWT-EventQueue-0] INFO  com.zaxxer.hikari.HikariDataSource - HikariPool-1 - Starting...
2025-01-17 14:48:40 [AWT-EventQueue-0] INFO  com.zaxxer.hikari.pool.HikariPool - HikariPool-1 - Added connection org.sqlite.jdbc4.JDBC4Connection@653c87f8
2025-01-17 14:48:40 [AWT-EventQueue-0] INFO  com.zaxxer.hikari.HikariDataSource - HikariPool-1 - Start completed.
2025-01-17 14:48:40 [AWT-EventQueue-0] INFO  o.hibernate.orm.connections.pooling - HHH10001005: Database info:
	Database JDBC URL [Connecting through datasourcenull]
	Database driver: undefined/unknown
	Database version: 3.46
	Autocommit mode: undefined/unknown
	Isolation level: undefined/unknown
	Minimum pool size: undefined/unknown
	Maximum pool size: undefined/unknown
2025-01-17 14:48:41 [AWT-EventQueue-0] INFO  o.h.e.t.j.p.i.JtaPlatformInitiator - HHH000489: No JTA platform available (set 'hibernate.transaction.jta.platform' to enable JTA platform integration)
2025-01-17 14:48:41 [AWT-EventQueue-0] INFO  o.s.o.j.LocalContainerEntityManagerFactoryBean - Initialized JPA EntityManagerFactory for persistence unit 'default'
2025-01-17 14:48:41 [AWT-EventQueue-0] INFO  o.s.d.j.r.query.QueryEnhancerFactory - Hibernate is in classpath; If applicable, HQL parser will be used.
2025-01-17 14:48:42 [AWT-EventQueue-0] INFO  o.s.boot.SpringApplication - Started application in 3.372 seconds (process running for 3.945)
2025-01-17 14:48:43 [SpringApplicationShutdownHook] INFO  o.s.o.j.LocalContainerEntityManagerFactoryBean - Closing JPA EntityManagerFactory for persistence unit 'default'
2025-01-17 14:48:43 [SpringApplicationShutdownHook] INFO  com.zaxxer.hikari.HikariDataSource - HikariPool-1 - Shutdown initiated...
2025-01-17 14:48:43 [SpringApplicationShutdownHook] INFO  com.zaxxer.hikari.HikariDataSource - HikariPool-1 - Shutdown completed.
2025-01-17 15:00:26 [main] INFO  com.libcentro.demo.Main - Starting application
2025-01-17 15:00:26 [restartedMain] INFO  com.libcentro.demo.Main - Starting application
2025-01-17 15:00:26 [restartedMain] INFO  com.libcentro.demo.Main - Starting Main using Java 17.0.8 with PID 12140 (D:\Coding\demo\target\classes started by giuli in D:\Coding\demo)
2025-01-17 15:00:26 [restartedMain] INFO  com.libcentro.demo.Main - The following 1 profile is active: "dev"
2025-01-17 15:00:26 [restartedMain] INFO  o.s.b.d.e.DevToolsPropertyDefaultsPostProcessor - Devtools property defaults active! Set 'spring.devtools.add-properties' to 'false' to disable
2025-01-17 15:00:27 [restartedMain] INFO  o.s.d.r.c.RepositoryConfigurationDelegate - Bootstrapping Spring Data JPA repositories in DEFAULT mode.
2025-01-17 15:00:27 [restartedMain] INFO  o.s.d.r.c.RepositoryConfigurationDelegate - Finished Spring Data repository scanning in 38 ms. Found 6 JPA repository interfaces.
2025-01-17 15:00:27 [restartedMain] INFO  o.h.jpa.internal.util.LogHelper - HHH000204: Processing PersistenceUnitInfo [name: default]
2025-01-17 15:00:27 [restartedMain] INFO  org.hibernate.Version - HHH000412: Hibernate ORM core version 6.6.0.Final
2025-01-17 15:00:27 [restartedMain] INFO  o.h.c.i.RegionFactoryInitiator - HHH000026: Second-level cache disabled
2025-01-17 15:00:27 [restartedMain] INFO  o.s.o.j.p.SpringPersistenceUnitInfo - No LoadTimeWeaver setup: ignoring JPA class transformer
2025-01-17 15:00:27 [restartedMain] INFO  com.zaxxer.hikari.HikariDataSource - HikariPool-1 - Starting...
2025-01-17 15:00:27 [restartedMain] INFO  com.zaxxer.hikari.pool.HikariPool - HikariPool-1 - Added connection org.sqlite.jdbc4.JDBC4Connection@5be47742
2025-01-17 15:00:27 [restartedMain] INFO  com.zaxxer.hikari.HikariDataSource - HikariPool-1 - Start completed.
2025-01-17 15:00:27 [restartedMain] INFO  o.hibernate.orm.connections.pooling - HHH10001005: Database info:
	Database JDBC URL [Connecting through datasourcenull]
	Database driver: undefined/unknown
	Database version: 3.46
	Autocommit mode: undefined/unknown
	Isolation level: undefined/unknown
	Minimum pool size: undefined/unknown
	Maximum pool size: undefined/unknown
2025-01-17 15:00:28 [restartedMain] INFO  o.h.e.t.j.p.i.JtaPlatformInitiator - HHH000489: No JTA platform available (set 'hibernate.transaction.jta.platform' to enable JTA platform integration)
2025-01-17 15:00:28 [restartedMain] INFO  o.s.o.j.LocalContainerEntityManagerFactoryBean - Initialized JPA EntityManagerFactory for persistence unit 'default'
2025-01-17 15:00:28 [restartedMain] INFO  o.s.d.j.r.query.QueryEnhancerFactory - Hibernate is in classpath; If applicable, HQL parser will be used.
2025-01-17 15:00:29 [restartedMain] INFO  o.s.b.d.a.OptionalLiveReloadServer - LiveReload server is running on port 35729
2025-01-17 15:00:29 [restartedMain] INFO  com.libcentro.demo.Main - Started Main in 3.426 seconds (process running for 4.035)
2025-01-17 15:00:30 [restartedMain] ERROR com.libcentro.demo.Main - java.awt.IllegalComponentStateException: contentPane cannot be set to null.
java.awt.IllegalComponentStateException: contentPane cannot be set to null.
	at java.desktop/javax.swing.JRootPane.setContentPane(JRootPane.java:594)
	at java.desktop/javax.swing.JFrame.setContentPane(JFrame.java:680)
	at com.libcentro.demo.view.menu.MenuFrame.initialize(MenuFrame.java:24)
	at com.libcentro.demo.controller.MenuController.openMenuView(MenuController.java:28)
	at com.libcentro.demo.controller.ViewController.openMenuView(ViewController.java:36)
	at com.libcentro.demo.Main.main(Main.java:37)
	at java.base/jdk.internal.reflect.NativeMethodAccessorImpl.invoke0(Native Method)
	at java.base/jdk.internal.reflect.NativeMethodAccessorImpl.invoke(NativeMethodAccessorImpl.java:77)
	at java.base/jdk.internal.reflect.DelegatingMethodAccessorImpl.invoke(DelegatingMethodAccessorImpl.java:43)
	at java.base/java.lang.reflect.Method.invoke(Method.java:568)
	at org.springframework.boot.devtools.restart.RestartLauncher.run(RestartLauncher.java:50)
2025-01-17 15:00:30 [restartedMain] INFO  com.libcentro.demo.Main - Application ended
2025-01-17 15:00:30 [main] ERROR com.libcentro.demo.Main - org.springframework.boot.devtools.restart.SilentExitExceptionHandler$SilentExitException
org.springframework.boot.devtools.restart.SilentExitExceptionHandler$SilentExitException: null
	at org.springframework.boot.devtools.restart.SilentExitExceptionHandler.exitCurrentThread(SilentExitExceptionHandler.java:92)
	at org.springframework.boot.devtools.restart.Restarter.immediateRestart(Restarter.java:179)
	at org.springframework.boot.devtools.restart.Restarter.initialize(Restarter.java:163)
	at org.springframework.boot.devtools.restart.Restarter.initialize(Restarter.java:532)
	at org.springframework.boot.devtools.restart.RestartApplicationListener.onApplicationStartingEvent(RestartApplicationListener.java:98)
	at org.springframework.boot.devtools.restart.RestartApplicationListener.onApplicationEvent(RestartApplicationListener.java:51)
	at org.springframework.context.event.SimpleApplicationEventMulticaster.doInvokeListener(SimpleApplicationEventMulticaster.java:185)
	at org.springframework.context.event.SimpleApplicationEventMulticaster.invokeListener(SimpleApplicationEventMulticaster.java:178)
	at org.springframework.context.event.SimpleApplicationEventMulticaster.multicastEvent(SimpleApplicationEventMulticaster.java:156)
	at org.springframework.context.event.SimpleApplicationEventMulticaster.multicastEvent(SimpleApplicationEventMulticaster.java:138)
	at org.springframework.boot.context.event.EventPublishingRunListener.multicastInitialEvent(EventPublishingRunListener.java:136)
	at org.springframework.boot.context.event.EventPublishingRunListener.starting(EventPublishingRunListener.java:75)
	at org.springframework.boot.SpringApplicationRunListeners.lambda$starting$0(SpringApplicationRunListeners.java:54)
	at java.base/java.lang.Iterable.forEach(Iterable.java:75)
	at org.springframework.boot.SpringApplicationRunListeners.doWithListeners(SpringApplicationRunListeners.java:118)
	at org.springframework.boot.SpringApplicationRunListeners.starting(SpringApplicationRunListeners.java:54)
	at org.springframework.boot.SpringApplication.run(SpringApplication.java:327)
	at org.springframework.boot.SpringApplication.run(SpringApplication.java:1363)
	at org.springframework.boot.SpringApplication.run(SpringApplication.java:1352)
	at com.libcentro.demo.Main.main(Main.java:33)
2025-01-17 15:00:30 [main] INFO  com.libcentro.demo.Main - Application ended
2025-01-17 15:00:31 [SpringApplicationShutdownHook] INFO  o.s.o.j.LocalContainerEntityManagerFactoryBean - Closing JPA EntityManagerFactory for persistence unit 'default'
2025-01-17 15:00:31 [SpringApplicationShutdownHook] INFO  com.zaxxer.hikari.HikariDataSource - HikariPool-1 - Shutdown initiated...
2025-01-17 15:00:31 [SpringApplicationShutdownHook] INFO  com.zaxxer.hikari.HikariDataSource - HikariPool-1 - Shutdown completed.
2025-01-17 15:00:54 [main] INFO  com.libcentro.demo.Main - Starting application
2025-01-17 15:00:54 [restartedMain] INFO  com.libcentro.demo.Main - Starting application
2025-01-17 15:00:54 [restartedMain] INFO  com.libcentro.demo.Main - Starting Main using Java 17.0.8 with PID 24376 (D:\Coding\demo\target\classes started by giuli in D:\Coding\demo)
2025-01-17 15:00:54 [restartedMain] INFO  com.libcentro.demo.Main - The following 1 profile is active: "dev"
2025-01-17 15:00:54 [restartedMain] INFO  o.s.b.d.e.DevToolsPropertyDefaultsPostProcessor - Devtools property defaults active! Set 'spring.devtools.add-properties' to 'false' to disable
2025-01-17 15:00:54 [restartedMain] INFO  o.s.d.r.c.RepositoryConfigurationDelegate - Bootstrapping Spring Data JPA repositories in DEFAULT mode.
2025-01-17 15:00:54 [restartedMain] INFO  o.s.d.r.c.RepositoryConfigurationDelegate - Finished Spring Data repository scanning in 39 ms. Found 6 JPA repository interfaces.
2025-01-17 15:00:55 [restartedMain] INFO  o.h.jpa.internal.util.LogHelper - HHH000204: Processing PersistenceUnitInfo [name: default]
2025-01-17 15:00:55 [restartedMain] INFO  org.hibernate.Version - HHH000412: Hibernate ORM core version 6.6.0.Final
2025-01-17 15:00:55 [restartedMain] INFO  o.h.c.i.RegionFactoryInitiator - HHH000026: Second-level cache disabled
2025-01-17 15:00:55 [restartedMain] INFO  o.s.o.j.p.SpringPersistenceUnitInfo - No LoadTimeWeaver setup: ignoring JPA class transformer
2025-01-17 15:00:55 [restartedMain] INFO  com.zaxxer.hikari.HikariDataSource - HikariPool-1 - Starting...
2025-01-17 15:00:55 [restartedMain] INFO  com.zaxxer.hikari.pool.HikariPool - HikariPool-1 - Added connection org.sqlite.jdbc4.JDBC4Connection@213b2284
2025-01-17 15:00:55 [restartedMain] INFO  com.zaxxer.hikari.HikariDataSource - HikariPool-1 - Start completed.
2025-01-17 15:00:55 [restartedMain] INFO  o.hibernate.orm.connections.pooling - HHH10001005: Database info:
	Database JDBC URL [Connecting through datasourcenull]
	Database driver: undefined/unknown
	Database version: 3.46
	Autocommit mode: undefined/unknown
	Isolation level: undefined/unknown
	Minimum pool size: undefined/unknown
	Maximum pool size: undefined/unknown
2025-01-17 15:00:56 [restartedMain] INFO  o.h.e.t.j.p.i.JtaPlatformInitiator - HHH000489: No JTA platform available (set 'hibernate.transaction.jta.platform' to enable JTA platform integration)
2025-01-17 15:00:56 [restartedMain] INFO  o.s.o.j.LocalContainerEntityManagerFactoryBean - Initialized JPA EntityManagerFactory for persistence unit 'default'
2025-01-17 15:00:56 [restartedMain] INFO  o.s.d.j.r.query.QueryEnhancerFactory - Hibernate is in classpath; If applicable, HQL parser will be used.
2025-01-17 15:00:57 [restartedMain] INFO  o.s.b.d.a.OptionalLiveReloadServer - LiveReload server is running on port 35729
2025-01-17 15:00:57 [restartedMain] INFO  com.libcentro.demo.Main - Started Main in 3.551 seconds (process running for 4.149)
2025-01-17 15:00:58 [restartedMain] INFO  com.libcentro.demo.Main - Application started
2025-01-17 15:00:58 [restartedMain] INFO  com.libcentro.demo.Main - Application ended
2025-01-17 15:00:58 [main] ERROR com.libcentro.demo.Main - org.springframework.boot.devtools.restart.SilentExitExceptionHandler$SilentExitException
org.springframework.boot.devtools.restart.SilentExitExceptionHandler$SilentExitException: null
	at org.springframework.boot.devtools.restart.SilentExitExceptionHandler.exitCurrentThread(SilentExitExceptionHandler.java:92)
	at org.springframework.boot.devtools.restart.Restarter.immediateRestart(Restarter.java:179)
	at org.springframework.boot.devtools.restart.Restarter.initialize(Restarter.java:163)
	at org.springframework.boot.devtools.restart.Restarter.initialize(Restarter.java:532)
	at org.springframework.boot.devtools.restart.RestartApplicationListener.onApplicationStartingEvent(RestartApplicationListener.java:98)
	at org.springframework.boot.devtools.restart.RestartApplicationListener.onApplicationEvent(RestartApplicationListener.java:51)
	at org.springframework.context.event.SimpleApplicationEventMulticaster.doInvokeListener(SimpleApplicationEventMulticaster.java:185)
	at org.springframework.context.event.SimpleApplicationEventMulticaster.invokeListener(SimpleApplicationEventMulticaster.java:178)
	at org.springframework.context.event.SimpleApplicationEventMulticaster.multicastEvent(SimpleApplicationEventMulticaster.java:156)
	at org.springframework.context.event.SimpleApplicationEventMulticaster.multicastEvent(SimpleApplicationEventMulticaster.java:138)
	at org.springframework.boot.context.event.EventPublishingRunListener.multicastInitialEvent(EventPublishingRunListener.java:136)
	at org.springframework.boot.context.event.EventPublishingRunListener.starting(EventPublishingRunListener.java:75)
	at org.springframework.boot.SpringApplicationRunListeners.lambda$starting$0(SpringApplicationRunListeners.java:54)
	at java.base/java.lang.Iterable.forEach(Iterable.java:75)
	at org.springframework.boot.SpringApplicationRunListeners.doWithListeners(SpringApplicationRunListeners.java:118)
	at org.springframework.boot.SpringApplicationRunListeners.starting(SpringApplicationRunListeners.java:54)
	at org.springframework.boot.SpringApplication.run(SpringApplication.java:327)
	at org.springframework.boot.SpringApplication.run(SpringApplication.java:1363)
	at org.springframework.boot.SpringApplication.run(SpringApplication.java:1352)
	at com.libcentro.demo.Main.main(Main.java:33)
2025-01-17 15:00:58 [main] INFO  com.libcentro.demo.Main - Application ended
2025-01-17 15:01:18 [SpringApplicationShutdownHook] INFO  o.s.o.j.LocalContainerEntityManagerFactoryBean - Closing JPA EntityManagerFactory for persistence unit 'default'
2025-01-17 15:01:18 [SpringApplicationShutdownHook] INFO  com.zaxxer.hikari.HikariDataSource - HikariPool-1 - Shutdown initiated...
2025-01-17 15:01:18 [SpringApplicationShutdownHook] INFO  com.zaxxer.hikari.HikariDataSource - HikariPool-1 - Shutdown completed.
